{
  "RSpec": {
    "coverage": {
      "/Users/chris/CodeProjects/Personal/mix-manager/app/controllers/api/v1/mixes_controller.rb": [
        1,
        null,
        1,
        6,
        6,
        null,
        null,
        1,
        5,
        5,
        null,
        null,
        1,
        2,
        2,
        null,
        null,
        1,
        null,
        1,
        5,
        null,
        null,
        null
      ],
      "/Users/chris/CodeProjects/Personal/mix-manager/app/controllers/application_controller.rb": [
        null,
        null,
        1,
        1,
        null
      ],
      "/Users/chris/CodeProjects/Personal/mix-manager/spec/feature/user_adds_mix_spec.rb": [
        1,
        1,
        null,
        1,
        1,
        1,
        1,
        1,
        1,
        null,
        null
      ],
      "/Users/chris/CodeProjects/Personal/mix-manager/spec/feature/feature_helpers.rb": [
        1,
        2,
        2,
        2,
        2,
        2,
        null
      ],
      "/Users/chris/CodeProjects/Personal/mix-manager/spec/feature/user_deletes_mix_spec.rb": [
        1,
        1,
        null,
        1,
        1,
        1,
        1,
        0,
        0,
        0,
        null,
        null
      ],
      "/Users/chris/CodeProjects/Personal/mix-manager/spec/models/mix_spec.rb": [
        1,
        null,
        1,
        null,
        1,
        null,
        1,
        0,
        null,
        null,
        null
      ],
      "/Users/chris/CodeProjects/Personal/mix-manager/app/models/mix.rb": [
        1,
        null
      ],
      "/Users/chris/CodeProjects/Personal/mix-manager/app/models/application_record.rb": [
        null,
        null,
        1,
        1,
        null
      ],
      "/Users/chris/CodeProjects/Personal/mix-manager/app/serializers/mix_serializer.rb": [
        1,
        1,
        null
      ],
      "/Users/chris/CodeProjects/Personal/mix-manager/app/controllers/site_controller.rb": [
        1,
        null,
        1,
        null,
        null,
        null
      ]
    },
    "timestamp": 1549451530
  }
}
